<?xml version="1.0" encoding="UTF-8"?>
<testsuite name="linkedListt.LibraryTest" tests="1" skipped="0" failures="0" errors="0" timestamp="2021-04-17T15:45:12" hostname="DESKTOP-FCF8OFN" time="0.012">
  <properties/>
  <testcase name="kInMiddle" classname="linkedListt.LibraryTest" time="0.012"/>
  <system-out><![CDATA[]]></system-out>
  <system-err><![CDATA[]]></system-err>
</testsuite>
