<?xml version="1.0" encoding="UTF-8"?>
<testsuite name="hashtable.AppTest" tests="1" skipped="0" failures="0" errors="0" timestamp="2021-05-28T21:50:20" hostname="DESKTOP-FCF8OFN" time="0.003">
  <properties/>
  <testcase name="handleCollision" classname="hashtable.AppTest" time="0.003"/>
  <system-out><![CDATA[]]></system-out>
  <system-err><![CDATA[]]></system-err>
</testsuite>
