<?xml version="1.0" encoding="UTF-8"?>
<testsuite name="graph.AppTest" tests="1" skipped="0" failures="0" errors="0" timestamp="2021-05-30T14:03:31" hostname="DESKTOP-FCF8OFN" time="0.004">
  <properties/>
  <testcase name="test8" classname="graph.AppTest" time="0.004"/>
  <system-out><![CDATA[]]></system-out>
  <system-err><![CDATA[]]></system-err>
</testsuite>
