<?xml version="1.0" encoding="UTF-8"?>
<testsuite name="chaleng.AppTest" tests="1" skipped="0" failures="0" errors="0" timestamp="2021-05-16T18:53:22" hostname="DESKTOP-FCF8OFN" time="0.008">
  <properties/>
  <testcase name="oneValue" classname="chaleng.AppTest" time="0.008"/>
  <system-out><![CDATA[[100]
]]></system-out>
  <system-err><![CDATA[]]></system-err>
</testsuite>
