<?xml version="1.0" encoding="UTF-8"?>
<testsuite name="tree.LibraryTest" tests="1" skipped="0" failures="0" errors="0" timestamp="2021-05-01T02:50:23" hostname="DESKTOP-FCF8OFN" time="0.016">
  <properties/>
  <testcase name="testo" classname="tree.LibraryTest" time="0.016"/>
  <system-out><![CDATA[]]></system-out>
  <system-err><![CDATA[]]></system-err>
</testsuite>
