<?xml version="1.0" encoding="UTF-8"?>
<testsuite name="tree.LibraryTest" tests="1" skipped="0" failures="0" errors="0" timestamp="2021-04-23T13:20:41" hostname="DESKTOP-FCF8OFN" time="0.003">
  <properties/>
  <testcase name="addTest" classname="tree.LibraryTest" time="0.003"/>
  <system-out><![CDATA[]]></system-out>
  <system-err><![CDATA[]]></system-err>
</testsuite>
