<?xml version="1.0" encoding="UTF-8"?>
<testsuite name="arrayBinary.LibraryTest" tests="1" skipped="0" failures="0" errors="0" timestamp="2021-04-13T23:09:33" hostname="DESKTOP-FCF8OFN" time="0.002">
  <properties/>
  <testcase name="one" classname="arrayBinary.LibraryTest" time="0.002"/>
  <system-out><![CDATA[]]></system-out>
  <system-err><![CDATA[]]></system-err>
</testsuite>
