<?xml version="1.0" encoding="UTF-8"?>
<testsuite name="stacksandqueues.LibraryTest" tests="1" skipped="0" failures="0" errors="0" timestamp="2021-04-18T19:10:42" hostname="DESKTOP-FCF8OFN" time="0.004">
  <properties/>
  <testcase name="puseduTest" classname="stacksandqueues.LibraryTest" time="0.004"/>
  <system-out><![CDATA[]]></system-out>
  <system-err><![CDATA[]]></system-err>
</testsuite>
