<?xml version="1.0" encoding="UTF-8"?>
<testsuite name="stacksandqueues.LibraryTest" tests="1" skipped="0" failures="0" errors="0" timestamp="2021-04-21T19:37:13" hostname="DESKTOP-FCF8OFN" time="0.052">
  <properties/>
  <testcase name="enTest" classname="stacksandqueues.LibraryTest" time="0.052"/>
  <system-out><![CDATA[]]></system-out>
  <system-err><![CDATA[]]></system-err>
</testsuite>
