<?xml version="1.0" encoding="UTF-8"?>
<testsuite name="leftJoin.AppTest" tests="1" skipped="0" failures="0" errors="0" timestamp="2021-05-28T16:07:57" hostname="DESKTOP-FCF8OFN" time="0.017">
  <properties/>
  <testcase name="hashNotSameSize" classname="leftJoin.AppTest" time="0.017"/>
  <system-out><![CDATA[]]></system-out>
  <system-err><![CDATA[]]></system-err>
</testsuite>
